Build started 6/9/2017 3:48:25 PM.
     1>Project "D:\Coding\Box2D\MyProject\MyProject\MyProject.vcxproj" on node 2 (Build target(s)).
     1>ClCompile:
         C:\Program Files (x86)\Microsoft Visual Studio 11.0\VC\bin\CL.exe /c /ID:\Coding\Box2D\MyProject\include /ZI /nologo /W3 /WX- /Od /Oy- /D _MBCS /Gm /EHsc /RTC1 /MDd /GS /fp:precise /Zc:wchar_t /Zc:forScope /Fo"Debug\\" /Fd"Debug\vc110.pdb" /Gd /TP /analyze- /errorReport:prompt Example1.cpp
         Example1.cpp
     1>d:\coding\box2d\myproject\myproject\example1.cpp(102): warning C4244: 'argument' : conversion from 'double' to 'GLfloat', possible loss of data
     1>d:\coding\box2d\myproject\myproject\example1.cpp(112): warning C4244: 'argument' : conversion from 'double' to 'GLfloat', possible loss of data
     1>d:\coding\box2d\myproject\myproject\example1.cpp(124): warning C4244: 'argument' : conversion from 'double' to 'GLfloat', possible loss of data
     1>d:\coding\box2d\myproject\myproject\example1.cpp(142): warning C4244: 'initializing' : conversion from 'float32' to 'int', possible loss of data
     1>d:\coding\box2d\myproject\myproject\example1.cpp(146): warning C4244: 'argument' : conversion from 'int' to 'float32', possible loss of data
     1>d:\coding\box2d\myproject\myproject\example1.cpp(146): warning C4244: 'argument' : conversion from 'float32' to 'int', possible loss of data
     1>d:\coding\box2d\myproject\myproject\example1.cpp(154): warning C4244: 'argument' : conversion from 'int' to 'float32', possible loss of data
     1>d:\coding\box2d\myproject\myproject\example1.cpp(154): warning C4244: 'argument' : conversion from 'float32' to 'int', possible loss of data
     1>d:\coding\box2d\myproject\myproject\example1.cpp(174): warning C4305: 'argument' : truncation from 'double' to 'GLclampf'
     1>d:\coding\box2d\myproject\myproject\example1.cpp(178): warning C4244: 'argument' : conversion from 'const int' to 'float32', possible loss of data
     1>d:\coding\box2d\myproject\myproject\example1.cpp(280): warning C4244: 'argument' : conversion from 'double' to 'float32', possible loss of data
       Link:
         C:\Program Files (x86)\Microsoft Visual Studio 11.0\VC\bin\link.exe /ERRORREPORT:PROMPT /OUT:"D:\Coding\Box2D\MyProject\Debug\MyProject.exe" /INCREMENTAL /NOLOGO /LIBPATH:D:\Coding\Box2D\MyProject\lib opengl32.lib glu32.lib freeglut.lib glew32.lib SDL.lib SDLmain.lib Box2D.lib kernel32.lib user32.lib gdi32.lib winspool.lib comdlg32.lib advapi32.lib shell32.lib ole32.lib oleaut32.lib uuid.lib odbc32.lib odbccp32.lib kernel32.lib user32.lib gdi32.lib winspool.lib comdlg32.lib advapi32.lib shell32.lib ole32.lib oleaut32.lib uuid.lib odbc32.lib odbccp32.lib /MANIFEST /MANIFESTUAC:"level='asInvoker' uiAccess='false'" /manifest:embed /DEBUG /PDB:"D:\Coding\Box2D\MyProject\Debug\MyProject.pdb" /TLBID:1 /DYNAMICBASE /NXCOMPAT /IMPLIB:"D:\Coding\Box2D\MyProject\Debug\MyProject.lib" /MACHINE:X86 Debug\Example1.obj
         MyProject.vcxproj -> D:\Coding\Box2D\MyProject\Debug\MyProject.exe
     1>Done Building Project "D:\Coding\Box2D\MyProject\MyProject\MyProject.vcxproj" (Build target(s)).

Build succeeded.

Time Elapsed 00:00:05.50
